app/build/intermediates/manifest_merge_blame_file/debug/manifest-merger-blame-debug-report.txt
1<?xml version="1.0" encoding="utf-8"?>
2<manifest xmlns:android="http://schemas.android.com/apk/res/android"
3    package="com.example.tsinghuadaily"
4    android:versionCode="1"
5    android:versionName="1.0" >
6
7    <uses-sdk
8        android:minSdkVersion="19"
8-->src\main\AndroidManifest.xml
9        android:targetSdkVersion="29" />
9-->src\main\AndroidManifest.xml
10    <!-- 网络权限 -->
11    <uses-permission android:name="android.permission.INTERNET" /> <!-- 解锁屏幕所需权限 -->
11-->src\main\AndroidManifest.xml:6:5-67
11-->src\main\AndroidManifest.xml:6:22-64
12    <uses-permission android:name="android.permission.DISABLE_KEYGUARD" /> <!-- 申请电源锁所需权限 -->
12-->src\main\AndroidManifest.xml:7:5-75
12-->src\main\AndroidManifest.xml:7:22-72
13    <uses-permission android:name="android.permission.WAKE_LOCK" /> <!-- 振动权限 -->
13-->src\main\AndroidManifest.xml:8:5-68
13-->src\main\AndroidManifest.xml:8:22-65
14    <uses-permission android:name="android.permission.VIBRATE" /> <!-- 使用前台服务权限 -->
14-->src\main\AndroidManifest.xml:9:5-66
14-->src\main\AndroidManifest.xml:9:22-63
15    <uses-permission android:name="android.permission.FOREGROUND_SERVICE" />
15-->src\main\AndroidManifest.xml:10:5-77
15-->src\main\AndroidManifest.xml:10:22-74
16    <uses-permission android:name="android.permission.INTERNET" />
16-->src\main\AndroidManifest.xml:6:5-67
16-->src\main\AndroidManifest.xml:6:22-64
17    <uses-permission android:name="android.permission.READ_EXTERNAL_STORAGE" />
17-->src\main\AndroidManifest.xml:12:5-80
17-->src\main\AndroidManifest.xml:12:22-77
18    <uses-permission android:name="android.permission.WRITE_EXTERNAL_STORAGE" />
18-->src\main\AndroidManifest.xml:13:5-81
18-->src\main\AndroidManifest.xml:13:22-78
19    <uses-permission android:name="android.permission.ACCESS_NETWORK_STATE" />
19-->src\main\AndroidManifest.xml:14:5-79
19-->src\main\AndroidManifest.xml:14:22-76
20
21    <application
21-->src\main\AndroidManifest.xml:16:5-103:19
22        android:name="androidx.multidex.MultiDexApplication"
23        android:allowBackup="true"
23-->src\main\AndroidManifest.xml:17:9-35
24        android:appComponentFactory="androidx.core.app.CoreComponentFactory"
24-->[androidx.core:core:1.3.0-beta01] AndroidManifest.xml:24:18-86
25        android:debuggable="true"
26        android:icon="@mipmap/ic_launcher"
26-->src\main\AndroidManifest.xml:18:9-43
27        android:label="@string/app_name"
27-->src\main\AndroidManifest.xml:19:9-41
28        android:networkSecurityConfig="@xml/network_security_config"
28-->src\main\AndroidManifest.xml:20:9-69
29        android:requestLegacyExternalStorage="true"
29-->src\main\AndroidManifest.xml:21:9-52
30        android:roundIcon="@mipmap/ic_launcher_round"
30-->src\main\AndroidManifest.xml:22:9-54
31        android:supportsRtl="true"
31-->src\main\AndroidManifest.xml:23:9-35
32        android:testOnly="true"
33        android:theme="@style/AppTheme" >
33-->src\main\AndroidManifest.xml:24:9-40
34        <activity android:name="com.example.tsinghuadaily.Activity.ArticleSearchActivity" />
34-->src\main\AndroidManifest.xml:26:9-77
34-->src\main\AndroidManifest.xml:26:19-65
35        <activity android:name="com.example.tsinghuadaily.Activity.UserInfoActivity" />
35-->src\main\AndroidManifest.xml:27:9-63
35-->src\main\AndroidManifest.xml:27:19-60
36        <activity android:name="com.example.tsinghuadaily.Activity.VideoPreviewActivity" />
36-->src\main\AndroidManifest.xml:28:9-76
36-->src\main\AndroidManifest.xml:28:19-64
37        <activity android:name="com.example.tsinghuadaily.Activity.ArticleDetailActivity" />
37-->src\main\AndroidManifest.xml:29:9-77
37-->src\main\AndroidManifest.xml:29:19-65
38        <activity android:name="com.example.tsinghuadaily.Activity.SubmitAuthActivity" />
38-->src\main\AndroidManifest.xml:30:9-65
38-->src\main\AndroidManifest.xml:30:19-62
39
40        <service
40-->src\main\AndroidManifest.xml:32:9-35:39
41            android:name="com.example.tsinghuadaily.services.WebSocketService"
41-->src\main\AndroidManifest.xml:33:13-54
42            android:enabled="true"
42-->src\main\AndroidManifest.xml:34:13-35
43            android:exported="true" />
43-->src\main\AndroidManifest.xml:35:13-36
44        <service
44-->src\main\AndroidManifest.xml:36:9-40:39
45            android:name="com.example.tsinghuadaily.services.WebSocketService$GrayInnerService"
45-->src\main\AndroidManifest.xml:37:13-71
46            android:enabled="true"
46-->src\main\AndroidManifest.xml:38:13-35
47            android:exported="false"
47-->src\main\AndroidManifest.xml:39:13-37
48            android:process=":gray" />
48-->src\main\AndroidManifest.xml:40:13-36
49
50        <activity android:name="com.example.tsinghuadaily.Activity.ChatActivity" >
50-->src\main\AndroidManifest.xml:42:9-50:20
50-->src\main\AndroidManifest.xml:42:19-56
51
52            <!-- <intent-filter> -->
53            <!-- <action android:name="android.intent.action.MAIN" /> -->
54
55
56            <!-- <category android:name="android.intent.category.LAUNCHER" /> -->
57            <!-- </intent-filter> -->
58        </activity>
59        <activity android:name="com.example.tsinghuadaily.Activity.MainPageActivity" >
59-->src\main\AndroidManifest.xml:51:9-59:20
59-->src\main\AndroidManifest.xml:51:19-60
60
61            <!-- <intent-filter> -->
62            <!-- <action android:name="android.intent.action.MAIN" /> -->
63
64
65            <!-- <category android:name="android.intent.category.LAUNCHER" /> -->
66            <!-- </intent-filter> -->
67        </activity>
68        <activity android:name="com.example.tsinghuadaily.Activity.RegisterActivity" >
68-->src\main\AndroidManifest.xml:60:9-68:20
68-->src\main\AndroidManifest.xml:60:19-60
69
70            <!-- <intent-filter> -->
71            <!-- <action android:name="android.intent.action.MAIN" /> -->
72
73
74            <!-- <category android:name="android.intent.category.LAUNCHER" /> -->
75            <!-- </intent-filter> -->
76        </activity>
77        <activity android:name="com.example.tsinghuadaily.Activity.LoginOrRegisterActivity" >
77-->src\main\AndroidManifest.xml:69:9-75:20
77-->src\main\AndroidManifest.xml:69:19-67
78            <intent-filter>
78-->src\main\AndroidManifest.xml:70:13-74:29
79                <action android:name="android.intent.action.MAIN" />
79-->src\main\AndroidManifest.xml:71:17-69
79-->src\main\AndroidManifest.xml:71:25-66
80
81                <category android:name="android.intent.category.LAUNCHER" />
81-->src\main\AndroidManifest.xml:73:17-77
81-->src\main\AndroidManifest.xml:73:27-74
82            </intent-filter>
83        </activity>
84        <activity android:name="com.example.tsinghuadaily.Activity.MainActivity" >
84-->src\main\AndroidManifest.xml:76:9-84:20
84-->src\main\AndroidManifest.xml:76:19-56
85
86            <!-- <intent-filter> -->
87            <!-- <action android:name="android.intent.action.MAIN" /> -->
88
89
90            <!-- <category android:name="android.intent.category.LAUNCHER" /> -->
91            <!-- </intent-filter> -->
92        </activity>
93        <activity android:name="com.example.tsinghuadaily.Activity.ModifyUserInfoActivity" >
93-->src\main\AndroidManifest.xml:85:9-93:20
93-->src\main\AndroidManifest.xml:85:19-66
94
95            <!-- <intent-filter> -->
96            <!-- <action android:name="android.intent.action.MAIN" /> -->
97
98
99            <!-- <category android:name="android.intent.category.LAUNCHER" /> -->
100            <!-- </intent-filter> -->
101        </activity>
102        <activity android:name="com.example.tsinghuadaily.Activity.ArticleEditActivity" >
102-->src\main\AndroidManifest.xml:94:9-102:20
102-->src\main\AndroidManifest.xml:94:19-63
103
104            <!-- <intent-filter> -->
105            <!-- <action android:name="android.intent.action.MAIN" /> -->
106
107
108            <!-- <category android:name="android.intent.category.LAUNCHER" /> -->
109            <!-- </intent-filter> -->
110        </activity>
111        <activity
111-->[:are] AndroidManifest.xml:12:9-16:54
112            android:name="com.chinalwb.are.activities.Are_VideoPlayerActivity"
112-->[:are] AndroidManifest.xml:13:13-79
113            android:configChanges="orientation|keyboardHidden|screenSize"
113-->[:are] AndroidManifest.xml:14:13-74
114            android:label="@string/title_activity_are__video_player"
114-->[:are] AndroidManifest.xml:15:13-69
115            android:theme="@style/FullscreenTheme" />
115-->[:are] AndroidManifest.xml:16:13-51
116        <activity
116-->[:are] AndroidManifest.xml:17:9-20:47
117            android:name="com.chinalwb.are.activities.Are_AtPickerActivity"
117-->[:are] AndroidManifest.xml:18:13-76
118            android:configChanges="orientation|keyboardHidden|screenSize"
118-->[:are] AndroidManifest.xml:19:13-74
119            android:theme="@style/AppTheme" />
119-->[:are] AndroidManifest.xml:20:13-44
120        <activity android:name="com.chinalwb.are.strategies.defaults.DefaultProfileActivity" />
120-->[:are] AndroidManifest.xml:21:9-96
120-->[:are] AndroidManifest.xml:21:19-93
121        <activity
121-->[:are] AndroidManifest.xml:22:9-26:54
122            android:name="com.chinalwb.are.strategies.defaults.DefaultImagePreviewActivity"
122-->[:are] AndroidManifest.xml:23:13-92
123            android:configChanges="orientation|keyboardHidden|screenSize"
123-->[:are] AndroidManifest.xml:24:13-74
124            android:label="@string/title_activity_default_image_preview"
124-->[:are] AndroidManifest.xml:25:13-73
125            android:theme="@style/FullscreenTheme" />
125-->[:are] AndroidManifest.xml:26:13-51
126
127        <service
127-->[androidx.room:room-runtime:2.2.5] AndroidManifest.xml:25:9-28:40
128            android:name="androidx.room.MultiInstanceInvalidationService"
128-->[androidx.room:room-runtime:2.2.5] AndroidManifest.xml:26:13-74
129            android:directBootAware="true"
129-->[androidx.room:room-runtime:2.2.5] AndroidManifest.xml:27:13-43
130            android:exported="false" />
130-->[androidx.room:room-runtime:2.2.5] AndroidManifest.xml:28:13-37
131    </application>
132
133</manifest>